<?xml version="1.0" encoding="UTF-8"?>
<!-- Generated by org.testng.reporters.JUnitXMLReporter -->
<testsuite ignored="0" hostname="Admin" failures="4" tests="12" name="Test" time="37.118" errors="0" timestamp="2024-11-27T11:28:08 IST">
  <testcase classname="BatchExecution.TestCase4" name="easyMyTrip" time="2.789">
    <failure type="java.lang.AssertionError" message="expected [manu] but found [mani]">
      <![CDATA[java.lang.AssertionError: expected [manu] but found [mani]
at BatchExecution.TestCase4.easyMyTrip(TestCase4.java:21)
at java.base/java.util.ArrayList.forEach(ArrayList.java:1511)
... Removed 33 stack frames]]>
    </failure>
  </testcase> <!-- easyMyTrip -->
  <testcase classname="BatchExecution.TestCase5" name="agoda" time="3.851">
    <failure type="java.lang.AssertionError" message="expected [manu] but found [mani]">
      <![CDATA[java.lang.AssertionError: expected [manu] but found [mani]
at BatchExecution.TestCase5.agoda(TestCase5.java:21)
at java.base/java.util.ArrayList.forEach(ArrayList.java:1511)
... Removed 33 stack frames]]>
    </failure>
  </testcase> <!-- agoda -->
  <testcase classname="BatchExecution.TestCase6" name="amazon" time="2.034">
    <failure type="java.lang.AssertionError" message="expected [manu] but found [mani]">
      <![CDATA[java.lang.AssertionError: expected [manu] but found [mani]
at BatchExecution.TestCase6.amazon(TestCase6.java:21)
at java.base/java.util.ArrayList.forEach(ArrayList.java:1511)
... Removed 33 stack frames]]>
    </failure>
  </testcase> <!-- amazon -->
  <testcase classname="BatchExecution.TestCase7" name="flipkart" time="3.491"/>
  <testcase classname="BatchExecution.TestCase1" name="honda" time="4.17"/>
  <testcase classname="BatchExecution.TestCase1" name="kawasaki" time="3.737">
    <failure type="java.lang.AssertionError" message="expected [manu] but found [mani]">
      <![CDATA[java.lang.AssertionError: expected [manu] but found [mani]
at BatchExecution.TestCase1.kawasaki(TestCase1.java:33)
at java.base/java.util.ArrayList.forEach(ArrayList.java:1511)
... Removed 33 stack frames]]>
    </failure>
  </testcase> <!-- kawasaki -->
  <testcase classname="BatchExecution.TestCase1" name="royalEnfield" time="0.0">
    <skipped/>
  </testcase> <!-- royalEnfield -->
  <testcase classname="BatchExecution.TestCase2" name="dws" time="3.635"/>
  <testcase classname="BatchExecution.TestCase3" name="redbus" time="2.048"/>
  <testcase classname="BatchExecution.TestCase10" name="fireFlink" time="3.407"/>
  <testcase classname="BatchExecution.TestCase8" name="csk" time="5.351"/>
  <testcase classname="BatchExecution.TestCase9" name="qspiders" time="2.312"/>
</testsuite> <!-- Test -->
